<?xml version="1.0" encoding="UTF-8"?>
<testng-results skipped="0" failed="0" total="3" passed="3">
  <reporter-output>
  </reporter-output>
  <suite name="Suite" duration-ms="23671" started-at="2015-08-26T13:46:11Z" finished-at="2015-08-26T13:46:35Z">
    <groups>
    </groups>
    <test name="Test" duration-ms="23671" started-at="2015-08-26T13:46:11Z" finished-at="2015-08-26T13:46:35Z">
      <class name="jenkins.NewTest">
        <test-method status="PASS" signature="sampletest()[pri:0, instance:jenkins.NewTest@11fb8c6]" name="sampletest" duration-ms="6157" started-at="2015-08-26T19:16:11Z" finished-at="2015-08-26T19:16:17Z">
          <reporter-output>
          </reporter-output>
        </test-method> <!-- sampletest -->
        <test-method status="PASS" signature="sampletest1()[pri:0, instance:jenkins.NewTest@11fb8c6]" name="sampletest1" duration-ms="5242" started-at="2015-08-26T19:16:17Z" finished-at="2015-08-26T19:16:22Z">
          <reporter-output>
          </reporter-output>
        </test-method> <!-- sampletest1 -->
        <test-method status="PASS" signature="sampletest2()[pri:0, instance:jenkins.NewTest@11fb8c6]" name="sampletest2" duration-ms="12261" started-at="2015-08-26T19:16:22Z" finished-at="2015-08-26T19:16:35Z">
          <reporter-output>
          </reporter-output>
        </test-method> <!-- sampletest2 -->
      </class> <!-- jenkins.NewTest -->
    </test> <!-- Test -->
  </suite> <!-- Suite -->
</testng-results>
